<?xml version="1.0" encoding="UTF-8"?>
<testng-results skipped="0" failed="0" ignored="0" total="2" passed="2">
  <reporter-output>
  </reporter-output>
  <suite name="Default suite" duration-ms="28507" started-at="2020-06-11T15:27:37 IST" finished-at="2020-06-11T15:28:05 IST">
    <groups>
    </groups>
    <test name="Default test" duration-ms="28507" started-at="2020-06-11T15:27:37 IST" finished-at="2020-06-11T15:28:05 IST">
      <class name="com.testscenarios.FB_login">
        <test-method status="PASS" signature="beforeClass(java.lang.String)[pri:0, instance:com.testscenarios.FB_login@57e1b0c]" name="beforeClass" is-config="true" duration-ms="5198" started-at="2020-06-11T15:27:37 IST" finished-at="2020-06-11T15:27:42 IST">
          <params>
            <param index="0">
              <value>
                <![CDATA[Chrome]]>
              </value>
            </param>
          </params>
          <reporter-output>
          </reporter-output>
        </test-method> <!-- beforeClass -->
        <test-method status="PASS" signature="TC_001()[pri:0, instance:com.testscenarios.FB_login@57e1b0c]" name="TC_001" duration-ms="7256" started-at="2020-06-11T15:27:42 IST" finished-at="2020-06-11T15:27:49 IST">
          <reporter-output>
          </reporter-output>
        </test-method> <!-- TC_001 -->
        <test-method status="PASS" signature="afterMethod(org.testng.ITestResult)[pri:0, instance:com.testscenarios.FB_login@57e1b0c]" name="afterMethod" is-config="true" duration-ms="14782" started-at="2020-06-11T15:27:49 IST" finished-at="2020-06-11T15:28:04 IST">
          <params>
            <param index="0">
              <value>
                <![CDATA[[TestResult name=TC_001 status=SUCCESS method=FB_login.TC_001()[pri:0, instance:com.testscenarios.FB_login@57e1b0c] output={null}]]]>
              </value>
            </param>
          </params>
          <reporter-output>
          </reporter-output>
        </test-method> <!-- afterMethod -->
        <test-method status="PASS" signature="TC_002()[pri:0, instance:com.testscenarios.FB_login@57e1b0c]" name="TC_002" duration-ms="4" started-at="2020-06-11T15:28:04 IST" finished-at="2020-06-11T15:28:04 IST">
          <reporter-output>
          </reporter-output>
        </test-method> <!-- TC_002 -->
        <test-method status="PASS" signature="afterMethod(org.testng.ITestResult)[pri:0, instance:com.testscenarios.FB_login@57e1b0c]" name="afterMethod" is-config="true" duration-ms="437" started-at="2020-06-11T15:28:04 IST" finished-at="2020-06-11T15:28:05 IST">
          <params>
            <param index="0">
              <value>
                <![CDATA[[TestResult name=TC_002 status=SUCCESS method=FB_login.TC_002()[pri:0, instance:com.testscenarios.FB_login@57e1b0c] output={null}]]]>
              </value>
            </param>
          </params>
          <reporter-output>
          </reporter-output>
        </test-method> <!-- afterMethod -->
        <test-method status="PASS" signature="afterClass()[pri:0, instance:com.testscenarios.FB_login@57e1b0c]" name="afterClass" is-config="true" duration-ms="784" started-at="2020-06-11T15:28:05 IST" finished-at="2020-06-11T15:28:05 IST">
          <reporter-output>
          </reporter-output>
        </test-method> <!-- afterClass -->
      </class> <!-- com.testscenarios.FB_login -->
    </test> <!-- Default test -->
  </suite> <!-- Default suite -->
</testng-results>
