<?xml version="1.0" encoding="UTF-8"?>
<!-- Generated by org.testng.reporters.JUnitXMLReporter -->
<testsuite hostname="LAPTOP-8N6FEN18" ignored="0" name="Default test" tests="3" failures="0" timestamp="2020-08-27T23:15:48 IST" time="55.665" errors="0">
  <testcase name="TC_001_FilghtSearch" time="16.758" classname="com.testscenarios.Blazedemo"/>
  <testcase name="TC_002_UserDetails" time="14.069" classname="com.testscenarios.Blazedemo"/>
  <testcase name="TC_003_VerifyAndPrintMessages" time="18.101" classname="com.testscenarios.Blazedemo"/>
</testsuite> <!-- Default test -->
